<?xml version="1.0" encoding="UTF-8" ?>
<testsuite errors="0" failures="1" hostname="localhost" name="za.ac.sun.cs.green.EntireSuite" skipped="1" tests="21" time="0.2" timestamp="2018-07-24T09:21:41">
  <properties>
    <property name="env.DESKTOP_SESSION" value="ubuntu" />
    <property name="env.OLDPWD" value="/home/19907281/Documents/CS344_Software_Eng" />
    <property name="file.encoding.pkg" value="sun.io" />
    <property name="ant.file.green" value="/home/19907281/Documents/CS344_Software_Eng/green/build.xml" />
    <property name="java.home" value="/usr/lib/jvm/java-8-oracle/jre" />
    <property name="env.QT_LINUX_ACCESSIBILITY_ALWAYS_ON" value="1" />
    <property name="env.DISPLAY" value=":0" />
    <property name="env.LS_COLORS" value="rs=0:di=01;34:ln=01;36:mh=00:pi=40;33:so=01;35:do=01;35:bd=40;33;01:cd=40;33;01:or=40;31;01:mi=00:su=37;41:sg=30;43:ca=30;41:tw=30;42:ow=34;42:st=37;44:ex=01;32:*.tar=01;31:*.tgz=01;31:*.arc=01;31:*.arj=01;31:*.taz=01;31:*.lha=01;31:*.lz4=01;31:*.lzh=01;31:*.lzma=01;31:*.tlz=01;31:*.txz=01;31:*.tzo=01;31:*.t7z=01;31:*.zip=01;31:*.z=01;31:*.Z=01;31:*.dz=01;31:*.gz=01;31:*.lrz=01;31:*.lz=01;31:*.lzo=01;31:*.xz=01;31:*.bz2=01;31:*.bz=01;31:*.tbz=01;31:*.tbz2=01;31:*.tz=01;31:*.deb=01;31:*.rpm=01;31:*.jar=01;31:*.war=01;31:*.ear=01;31:*.sar=01;31:*.rar=01;31:*.alz=01;31:*.ace=01;31:*.zoo=01;31:*.cpio=01;31:*.7z=01;31:*.rz=01;31:*.cab=01;31:*.jpg=01;35:*.jpeg=01;35:*.gif=01;35:*.bmp=01;35:*.pbm=01;35:*.pgm=01;35:*.ppm=01;35:*.tga=01;35:*.xbm=01;35:*.xpm=01;35:*.tif=01;35:*.tiff=01;35:*.png=01;35:*.svg=01;35:*.svgz=01;35:*.mng=01;35:*.pcx=01;35:*.mov=01;35:*.mpg=01;35:*.mpeg=01;35:*.m2v=01;35:*.mkv=01;35:*.webm=01;35:*.ogm=01;35:*.mp4=01;35:*.m4v=01;35:*.mp4v=01;35:*.vob=01;35:*.qt=01;35:*.nuv=01;35:*.wmv=01;35:*.asf=01;35:*.rm=01;35:*.rmvb=01;35:*.flc=01;35:*.avi=01;35:*.fli=01;35:*.flv=01;35:*.gl=01;35:*.dl=01;35:*.xcf=01;35:*.xwd=01;35:*.yuv=01;35:*.cgm=01;35:*.emf=01;35:*.ogv=01;35:*.ogx=01;35:*.aac=00;36:*.au=00;36:*.flac=00;36:*.m4a=00;36:*.mid=00;36:*.midi=00;36:*.mka=00;36:*.mp3=00;36:*.mpc=00;36:*.ogg=00;36:*.ra=00;36:*.wav=00;36:*.oga=00;36:*.opus=00;36:*.spx=00;36:*.xspf=00;36:" />
    <property name="env.XDG_VTNR" value="7" />
    <property name="env.XDG_GREETER_DATA_DIR" value="/var/lib/lightdm-data/19907281" />
    <property name="java.endorsed.dirs" value="/usr/lib/jvm/java-8-oracle/jre/lib/endorsed" />
    <property name="env.LOGNAME" value="19907281" />
    <property name="debuglevel" value="source,lines,vars" />
    <property name="env.XDG_SEAT" value="seat0" />
    <property name="sun.os.patch.level" value="unknown" />
    <property name="java.vendor.url" value="http://java.oracle.com/" />
    <property name="env.XDG_SEAT_PATH" value="/org/freedesktop/DisplayManager/Seat0" />
    <property name="env.MANDATORY_PATH" value="/usr/share/gconf/ubuntu.mandatory.path" />
    <property name="java.version" value="1.8.0_111" />
    <property name="bootpath" value="/Library/Java/JavaVirtualMachines/jdk1.8.0_45.jdk/Contents/Home/jre/lib/rt.jar" />
    <property name="env.J2SDKDIR" value="/usr/lib/jvm/java-8-oracle" />
    <property name="java.vendor.url.bug" value="http://bugreport.sun.com/bugreport/" />
    <property name="env.LANGUAGE" value="en_ZA:en" />
    <property name="ant.project.invoked-targets" value="test" />
    <property name="env.XDG_DATA_DIRS" value="/usr/share/ubuntu:/usr/share/gnome:/usr/local/share:/usr/share:/var/lib/snapd/desktop:/var/lib/snapd/desktop" />
    <property name="env.GNOME_KEYRING_CONTROL" value="" />
    <property name="env.UPSTART_SESSION" value="unix:abstract=/com/ubuntu/upstart-session/19907281/9440" />
    <property name="user.name" value="19907281" />
    <property name="env.LANG" value="en_ZA.UTF-8" />
    <property name="sun.io.unicode.encoding" value="UnicodeLittle" />
    <property name="sun.jnu.encoding" value="UTF-8" />
    <property name="env.DBUS_SESSION_BUS_ADDRESS" value="unix:abstract=/tmp/dbus-iA0NL4sd6F" />
    <property name="java.runtime.name" value="Java(TM) SE Runtime Environment" />
    <property name="output.dir" value="bin" />
    <property name="green.srcpath" value="/home/19907281/Documents/CS344_Software_Eng/green/src:/home/19907281/Documents/CS344_Software_Eng/green/test" />
    <property name="java.specification.name" value="Java Platform API Specification" />
    <property name="user.timezone" value="" />
    <property name="env.LESSOPEN" value="| /usr/bin/lesspipe %s" />
    <property name="path.separator" value=":" />
    <property name="env.XMODIFIERS" value="@im=ibus" />
    <property name="file.encoding" value="UTF-8" />
    <property name="ant.project.default-target" value="build" />
    <property name="env.HOME" value="/home/19907281" />
    <property name="sun.java.command" value="org.apache.tools.ant.taskdefs.optional.junit.JUnitTestRunner za.ac.sun.cs.green.EntireSuite skipNonTests=false filtertrace=true haltOnError=false haltOnFailure=true formatter=org.apache.tools.ant.taskdefs.optional.junit.SummaryJUnitResultFormatter showoutput=true outputtoformatters=true logfailedtests=true threadid=0 logtestlistenerevents=false formatter=org.apache.tools.ant.taskdefs.optional.junit.XMLJUnitResultFormatter,/home/19907281/Documents/CS344_Software_Eng/green/bin/junit/TEST-za.ac.sun.cs.green.EntireSuite.xml crashfile=/home/19907281/Documents/CS344_Software_Eng/green/junitvmwatcher1340630708617210757.properties propsfile=/home/19907281/Documents/CS344_Software_Eng/green/junit4485235601905506836.properties" />
    <property name="ant.file" value="/home/19907281/Documents/CS344_Software_Eng/green/build.xml" />
    <property name="z3path" value="/Users/jaco/Documents/RESEARCH/SYMEXE/Z3/build/z3" />
    <property name="env._" value="/usr/bin/ant" />
    <property name="env.GTK2_MODULES" value="overlay-scrollbar" />
    <property name="java.io.tmpdir" value="/tmp" />
    <property name="env.GNOME_KEYRING_PID" value="" />
    <property name="user.language" value="en" />
    <property name="env.JASMIN_JAR" value="/home/19907281/Documents/CS244/repo/ampl/src/jasmin.jar" />
    <property name="env.UPSTART_EVENTS" value="started starting" />
    <property name="line.separator" value="&#xa;" />
    <property name="target" value="1.8" />
    <property name="ant.file.type" value="file" />
    <property name="env.J2REDIR" value="/usr/lib/jvm/java-8-oracle/jre" />
    <property name="env.CLUTTER_IM_MODULE" value="xim" />
    <property name="lattepath" value="/Users/jaco/Documents/RESEARCH/latte-integrale-1.7.3/latte-int-1.7.3/code/latte/count" />
    <property name="java.vm.info" value="mixed mode" />
    <property name="source" value="1.8" />
    <property name="sun.desktop" value="gnome" />
    <property name="java.vm.specification.name" value="Java Virtual Machine Specification" />
    <property name="env.IM_CONFIG_PHASE" value="1" />
    <property name="env.GDMSESSION" value="ubuntu" />
    <property name="ant.file.type.green" value="file" />
    <property name="env.QT_ACCESSIBILITY" value="1" />
    <property name="env.XDG_SESSION_DESKTOP" value="ubuntu" />
    <property name="java.awt.printerjob" value="sun.print.PSPrinterJob" />
    <property name="env.VTE_VERSION" value="4205" />
    <property name="env.DEFAULTS_PATH" value="/usr/share/gconf/ubuntu.default.path" />
    <property name="ant.version" value="Apache Ant(TM) version 1.9.6 compiled on July 8 2015" />
    <property name="env.XDG_SESSION_TYPE" value="x11" />
    <property name="env.WINDOWID" value="69208215" />
    <property name="env.COMPIZ_CONFIG_PROFILE" value="ubuntu" />
    <property name="env.XDG_SESSION_PATH" value="/org/freedesktop/DisplayManager/Session0" />
    <property name="env.JOB" value="gnome-session" />
    <property name="os.name" value="Linux" />
    <property name="java.specification.vendor" value="Oracle Corporation" />
    <property name="env.PYTHONPATH" value=":/home/19907281/.local/lib/python3.5/site-packages/" />
    <property name="env.TERM" value="xterm-256color" />
    <property name="java.vm.name" value="Java HotSpot(TM) 64-Bit Server VM" />
    <property name="env.QT_IM_MODULE" value="ibus" />
    <property name="java.library.path" value="/home/19907281/Documents/CS344_Software_Eng/green/lib:/Users/jaco/Documents/RESEARCH/SYMEXE/cvc3-2.4.1/java/lib" />
    <property name="env.PATH" value="/home/19907281/.nvm/versions/node/v9.5.0/bin:/usr/local/sbin:/usr/local/bin:/usr/sbin:/usr/bin:/sbin:/bin:/usr/games:/usr/local/games:/snap/bin:/usr/lib/jvm/java-8-oracle/bin:/usr/lib/jvm/java-8-oracle/db/bin:/usr/lib/jvm/java-8-oracle/jre/bin:/opt/openmpi-2.1.2/.openmpi/bin" />
    <property name="env.LESSCLOSE" value="/usr/bin/lesspipe %s %s" />
    <property name="ant.java.version" value="1.8" />
    <property name="basedir" value="/home/19907281/Documents/CS344_Software_Eng/green" />
    <property name="cvc3lib" value="/Users/jaco/Documents/RESEARCH/SYMEXE/cvc3-2.4.1/java/lib" />
    <property name="java.class.version" value="52.0" />
    <property name="env.SHLVL" value="1" />
    <property name="env.LD_LIBRARY_PATH" value=":/opt/openmpi-2.1.2/.openmpi/lib/" />
    <property name="ant.home" value="/usr/share/ant" />
    <property name="env.NVM_DIR" value="/home/19907281/.nvm" />
    <property name="env.MATHEMATICA_HOME" value="/opt/Wolfram/Mathematica/11.0" />
    <property name="env.UPSTART_JOB" value="unity-settings-daemon" />
    <property name="env.NVM_BIN" value="/home/19907281/.nvm/versions/node/v9.5.0/bin" />
    <property name="sun.boot.library.path" value="/usr/lib/jvm/java-8-oracle/jre/lib/amd64" />
    <property name="sun.management.compiler" value="HotSpot 64-Bit Tiered Compilers" />
    <property name="java.awt.graphicsenv" value="sun.awt.X11GraphicsEnvironment" />
    <property name="env.USER" value="19907281" />
    <property name="env.GTK_IM_MODULE" value="ibus" />
    <property name="env.GTK_MODULES" value="gail:atk-bridge:unity-gtk-module" />
    <property name="ant.project.name" value="green" />
    <property name="env.SESSIONTYPE" value="gnome-session" />
    <property name="java.vm.specification.version" value="1.8" />
    <property name="env.NLSPATH" value="/usr/dt/lib/nls/msg/%L/%N.cat" />
    <property name="awt.toolkit" value="sun.awt.X11.XToolkit" />
    <property name="sun.cpu.isalist" value="" />
    <property name="java.ext.dirs" value="/usr/lib/jvm/java-8-oracle/jre/lib/ext:/usr/java/packages/lib/ext" />
    <property name="os.version" value="4.4.0-130-generic" />
    <property name="env.QT_QPA_PLATFORMTHEME" value="appmenu-qt5" />
    <property name="user.home" value="/home/19907281" />
    <property name="env.XDG_CURRENT_DESKTOP" value="Unity" />
    <property name="java.vm.vendor" value="Oracle Corporation" />
    <property name="jar.file" value="green.jar" />
    <property name="env.JAVA_HOME" value="/usr/lib/jvm/java-8-oracle" />
    <property name="env.XDG_SESSION_ID" value="c2" />
    <property name="env.XAUTHORITY" value="/home/19907281/.Xauthority" />
    <property name="user.dir" value="/home/19907281/Documents/CS344_Software_Eng/green" />
    <property name="env.XFILESEARCHPATH" value="/usr/dt/app-defaults/%L/Dt" />
    <property name="env.PWD" value="/home/19907281/Documents/CS344_Software_Eng/green" />
    <property name="sun.cpu.endian" value="little" />
    <property name="java.vm.version" value="25.111-b14" />
    <property name="java.class.path" value="/home/19907281/Documents/CS344_Software_Eng/green/bin:/home/19907281/Documents/CS344_Software_Eng/green/lib/apfloat.jar:/home/19907281/Documents/CS344_Software_Eng/green/lib/commons-exec-1.2.jar:/home/19907281/Documents/CS344_Software_Eng/green/lib/junit_4.8.2.jar:/home/19907281/Documents/CS344_Software_Eng/green/lib/org.hamcrest.core_1.1.0.jar:/home/19907281/Documents/CS344_Software_Eng/green/lib/choco-solver-3.3.1.jar:/home/19907281/Documents/CS344_Software_Eng/green/lib/slf4j-api-1.7.12.jar:/home/19907281/Documents/CS344_Software_Eng/green/lib/slf4j-simple-1.7.12.jar:/home/19907281/Documents/CS344_Software_Eng/green/lib/trove-3.1a1.jar:/home/19907281/Documents/CS344_Software_Eng/green/lib/choco-solver-2.1.3.jar:/home/19907281/Documents/CS344_Software_Eng/green/lib/libcvc3.jar:/home/19907281/Documents/CS344_Software_Eng/green/lib/com.microsoft.z3.jar:/home/19907281/Documents/CS344_Software_Eng/green/lib/jedis-2.0.0.jar:/usr/share/ant/lib/junit.jar:/usr/share/java/ant-launcher-1.9.6.jar:/usr/share/ant/lib/ant.jar:/usr/share/ant/lib/ant-junit.jar:/usr/share/ant/lib/ant-junit4.jar" />
    <property name="env.DERBY_HOME" value="/usr/lib/jvm/java-8-oracle/db" />
    <property name="ant.library.dir" value="/usr/share/ant/lib" />
    <property name="os.arch" value="amd64" />
    <property name="junit.dir" value="bin/junit" />
    <property name="sun.java.launcher" value="SUN_STANDARD" />
    <property name="ant.core.lib" value="/usr/share/ant/lib/ant.jar" />
    <property name="env.UPSTART_INSTANCE" value="" />
    <property name="java.vm.specification.vendor" value="Oracle Corporation" />
    <property name="file.separator" value="/" />
    <property name="java.runtime.version" value="1.8.0_111-b14" />
    <property name="env.SSH_AUTH_SOCK" value="/run/user/19907281/keyring/ssh" />
    <property name="sun.boot.class.path" value="/usr/lib/jvm/java-8-oracle/jre/lib/resources.jar:/usr/lib/jvm/java-8-oracle/jre/lib/rt.jar:/usr/lib/jvm/java-8-oracle/jre/lib/sunrsasign.jar:/usr/lib/jvm/java-8-oracle/jre/lib/jsse.jar:/usr/lib/jvm/java-8-oracle/jre/lib/jce.jar:/usr/lib/jvm/java-8-oracle/jre/lib/charsets.jar:/usr/lib/jvm/java-8-oracle/jre/lib/jfr.jar:/usr/lib/jvm/java-8-oracle/jre/classes" />
    <property name="z3lib" value="/home/19907281/Documents/CS344_Software_Eng/green/lib" />
    <property name="env.QT4_IM_MODULE" value="xim" />
    <property name="env.XDG_CONFIG_DIRS" value="/etc/xdg/xdg-ubuntu:/usr/share/upstart/xdg:/etc/xdg" />
    <property name="env.XDG_RUNTIME_DIR" value="/run/user/19907281" />
    <property name="user.country" value="ZA" />
    <property name="env.SHELL" value="/bin/bash" />
    <property name="env.INSTANCE" value="Unity" />
    <property name="env.NVM_CD_FLAGS" value="" />
    <property name="java.vendor" value="Oracle Corporation" />
    <property name="env.GPG_AGENT_INFO" value="/home/19907281/.gnupg/S.gpg-agent:0:1" />
    <property name="java.specification.version" value="1.8" />
    <property name="sun.arch.data.model" value="64" />
    <property name="env.GNOME_DESKTOP_SESSION_ID" value="this-is-deprecated" />
  </properties>
  <testcase classname="za.ac.sun.cs.green.service.canonizer.SATCanonizerTest" name="test09" time="0.012" />
  <testcase classname="za.ac.sun.cs.green.service.canonizer.SATCanonizerTest" name="test10" time="0.001" />
  <testcase classname="za.ac.sun.cs.green.service.canonizer.SATCanonizerTest" name="test11" time="0.002" />
  <testcase classname="za.ac.sun.cs.green.service.canonizer.SATCanonizerTest" name="test12" time="0.001" />
  <testcase classname="za.ac.sun.cs.green.service.canonizer.SATCanonizerTest" name="test13" time="0.001" />
  <testcase classname="za.ac.sun.cs.green.service.canonizer.SATCanonizerTest" name="test14" time="0.002" />
  <testcase classname="za.ac.sun.cs.green.service.canonizer.SATCanonizerTest" name="test15" time="0.003" />
  <testcase classname="za.ac.sun.cs.green.service.canonizer.SATCanonizerTest" name="test16" time="0.002" />
  <testcase classname="za.ac.sun.cs.green.service.canonizer.SATCanonizerTest" name="test17" time="0.001" />
  <testcase classname="za.ac.sun.cs.green.service.canonizer.SATCanonizerTest" name="test18" time="0.001" />
  <testcase classname="za.ac.sun.cs.green.service.canonizer.SATCanonizerTest" name="test19" time="0.002" />
  <testcase classname="za.ac.sun.cs.green.service.canonizer.SATCanonizerTest" name="test20" time="0.005">
    <failure message="expected:&lt;[1*v+-1&lt;0]&gt; but was:&lt;[1*v+-1&lt;=0]&gt;" type="junit.framework.AssertionFailedError">junit.framework.AssertionFailedError: expected:&lt;[1*v+-1&lt;0]&gt; but was:&lt;[1*v+-1&lt;=0]&gt;
	at za.ac.sun.cs.green.service.canonizer.SATCanonizerTest.finalCheck(SATCanonizerTest.java:43)
	at za.ac.sun.cs.green.service.canonizer.SATCanonizerTest.check(SATCanonizerTest.java:56)
	at za.ac.sun.cs.green.service.canonizer.SATCanonizerTest.test20(SATCanonizerTest.java:304)
</failure>
  </testcase>
  <testcase classname="za.ac.sun.cs.green.service.canonizer.SATCanonizerTest" name="test01" time="0.001" />
  <testcase classname="za.ac.sun.cs.green.service.canonizer.SATCanonizerTest" name="test02" time="0.001" />
  <testcase classname="za.ac.sun.cs.green.service.canonizer.SATCanonizerTest" name="test03" time="0.001" />
  <testcase classname="za.ac.sun.cs.green.service.canonizer.SATCanonizerTest" name="test04" time="0.002" />
  <testcase classname="za.ac.sun.cs.green.service.canonizer.SATCanonizerTest" name="test05" time="0.001" />
  <testcase classname="za.ac.sun.cs.green.service.canonizer.SATCanonizerTest" name="test06" time="0.002" />
  <testcase classname="za.ac.sun.cs.green.service.canonizer.SATCanonizerTest" name="test07" time="0.001" />
  <testcase classname="za.ac.sun.cs.green.service.canonizer.SATCanonizerTest" name="test08" time="0.001" />
  <testcase classname="junit.framework.TestSuite" name="za.ac.sun.cs.green.service.z3.SATZ3Test" time="0.0">
    <skipped />
  </testcase>
  <system-out><![CDATA[Z3 Not Available, no tests for it will be executed
[20180724 11:21:41][za.ac.sun.cs.green.Green <init>][FINEST] Solver("anonymous1") created
[20180724 11:21:41][za.ac.sun.cs.green.Green registerService][INFO] register service: name="sat", subservice=za.ac.sun.cs.green.service.slicer.SATSlicerService
[20180724 11:21:41][za.ac.sun.cs.green.Green registerService][INFO] register service: name="za.ac.sun.cs.green.service.slicer.SATSlicerService", subservice=za.ac.sun.cs.green.service.canonizer.SATCanonizerService
[20180724 11:21:41][za.ac.sun.cs.green.Green registerService][INFO] register service: name="za.ac.sun.cs.green.service.canonizer.SATCanonizerService", subservice=za.ac.sun.cs.green.service.sink.SinkService
[20180724 11:21:41][za.ac.sun.cs.green.taskmanager.SerialTaskManager process][INFO] processing serviceName="sat"
[20180724 11:21:41][za.ac.sun.cs.green.service.canonizer.SATCanonizerService canonize][FINEST] Before Canonization: (aa+bb)<(aa+cc)
[20180724 11:21:41][za.ac.sun.cs.green.service.canonizer.SATCanonizerService canonize][FINEST] After Canonization: (((1*v0)+(-1*v1))+1)<=0
[20180724 11:21:41][za.ac.sun.cs.green.taskmanager.SerialTaskManager process][INFO] processing serviceName="sat"
[20180724 11:21:41][za.ac.sun.cs.green.service.canonizer.SATCanonizerService canonize][FINEST] Before Canonization: (aa+bb)<(aa-cc)
[20180724 11:21:41][za.ac.sun.cs.green.service.canonizer.SATCanonizerService canonize][FINEST] After Canonization: (((1*v0)+(1*v1))+1)<=0
[20180724 11:21:41][za.ac.sun.cs.green.taskmanager.SerialTaskManager process][INFO] processing serviceName="sat"
[20180724 11:21:41][za.ac.sun.cs.green.service.canonizer.SATCanonizerService canonize][FINEST] Before Canonization: (aa+bb)<(bb-aa)
[20180724 11:21:41][za.ac.sun.cs.green.service.canonizer.SATCanonizerService canonize][FINEST] After Canonization: ((2*v0)+1)<=0
[20180724 11:21:41][za.ac.sun.cs.green.taskmanager.SerialTaskManager process][INFO] processing serviceName="sat"
[20180724 11:21:41][za.ac.sun.cs.green.service.canonizer.SATCanonizerService canonize][FINEST] Before Canonization: ((2+3)*aa)<bb
[20180724 11:21:41][za.ac.sun.cs.green.service.canonizer.SATCanonizerService canonize][FINEST] After Canonization: (((5*v0)+(-1*v1))+1)<=0
[20180724 11:21:41][za.ac.sun.cs.green.taskmanager.SerialTaskManager process][INFO] processing serviceName="sat"
[20180724 11:21:41][za.ac.sun.cs.green.service.canonizer.SATCanonizerService canonize][FINEST] Before Canonization: (aa*(2+3))<bb
[20180724 11:21:41][za.ac.sun.cs.green.service.canonizer.SATCanonizerService canonize][FINEST] After Canonization: (((5*v0)+(-1*v1))+1)<=0
[20180724 11:21:41][za.ac.sun.cs.green.taskmanager.SerialTaskManager process][INFO] processing serviceName="sat"
[20180724 11:21:41][za.ac.sun.cs.green.service.canonizer.SATCanonizerService canonize][FINEST] Before Canonization: ((aa-bb)*2)<aa
[20180724 11:21:41][za.ac.sun.cs.green.service.canonizer.SATCanonizerService canonize][FINEST] After Canonization: (((1*v0)+(-2*v1))+1)<=0
[20180724 11:21:41][za.ac.sun.cs.green.taskmanager.SerialTaskManager process][INFO] processing serviceName="sat"
[20180724 11:21:41][za.ac.sun.cs.green.service.canonizer.SATCanonizerService canonize][FINEST] Before Canonization: (2*(aa-bb))<aa
[20180724 11:21:41][za.ac.sun.cs.green.service.canonizer.SATCanonizerService canonize][FINEST] After Canonization: (((1*v0)+(-2*v1))+1)<=0
[20180724 11:21:41][za.ac.sun.cs.green.taskmanager.SerialTaskManager process][INFO] processing serviceName="sat"
[20180724 11:21:41][za.ac.sun.cs.green.service.canonizer.SATCanonizerService canonize][FINEST] Before Canonization: ((aa*2)+(4*aa))<bb
[20180724 11:21:41][za.ac.sun.cs.green.service.canonizer.SATCanonizerService canonize][FINEST] After Canonization: (((6*v0)+(-1*v1))+1)<=0
[20180724 11:21:41][za.ac.sun.cs.green.taskmanager.SerialTaskManager process][INFO] processing serviceName="sat"
[20180724 11:21:41][za.ac.sun.cs.green.service.canonizer.SATCanonizerService canonize][FINEST] Before Canonization: 2<2
[20180724 11:21:41][za.ac.sun.cs.green.service.canonizer.SATCanonizerService canonize][FINEST] After Canonization: 0==1
[20180724 11:21:41][za.ac.sun.cs.green.taskmanager.SerialTaskManager process][INFO] processing serviceName="sat"
[20180724 11:21:41][za.ac.sun.cs.green.service.canonizer.SATCanonizerService canonize][FINEST] Before Canonization: (2<2)&&(aa<2)
[20180724 11:21:41][za.ac.sun.cs.green.service.canonizer.SATCanonizerService canonize][FINEST] After Canonization: 0==1
[20180724 11:21:41][za.ac.sun.cs.green.taskmanager.SerialTaskManager process][INFO] processing serviceName="sat"
[20180724 11:21:41][za.ac.sun.cs.green.service.canonizer.SATCanonizerService canonize][FINEST] Before Canonization: 2<=2
[20180724 11:21:41][za.ac.sun.cs.green.service.canonizer.SATCanonizerService canonize][FINEST] After Canonization: 0==0
[20180724 11:21:41][za.ac.sun.cs.green.taskmanager.SerialTaskManager process][INFO] processing serviceName="sat"
[20180724 11:21:41][za.ac.sun.cs.green.service.canonizer.SATCanonizerService canonize][FINEST] Before Canonization: (aa<2)&&(2<=2)
[20180724 11:21:41][za.ac.sun.cs.green.service.canonizer.SATCanonizerService canonize][FINEST] After Canonization: ((1*v0)+-1)<=0
[20180724 11:21:41][za.ac.sun.cs.green.taskmanager.SerialTaskManager process][INFO] processing serviceName="sat"
[20180724 11:21:41][za.ac.sun.cs.green.service.canonizer.SATCanonizerService canonize][FINEST] Before Canonization: aa==0
[20180724 11:21:41][za.ac.sun.cs.green.service.canonizer.SATCanonizerService canonize][FINEST] After Canonization: (1*v0)==0
[20180724 11:21:41][za.ac.sun.cs.green.taskmanager.SerialTaskManager process][INFO] processing serviceName="sat"
[20180724 11:21:41][za.ac.sun.cs.green.service.canonizer.SATCanonizerService canonize][FINEST] Before Canonization: (bb!=1)&&(aa==0)
[20180724 11:21:41][za.ac.sun.cs.green.service.canonizer.SATCanonizerService canonize][FINEST] After Canonization: (((1*v0)+-1)!=0)&&((1*v1)==0)
[20180724 11:21:41][za.ac.sun.cs.green.taskmanager.SerialTaskManager process][INFO] processing serviceName="sat"
[20180724 11:21:41][za.ac.sun.cs.green.service.canonizer.SATCanonizerService canonize][FINEST] Before Canonization: aa==0
[20180724 11:21:41][za.ac.sun.cs.green.service.canonizer.SATCanonizerService canonize][FINEST] After Canonization: (1*v0)==0
[20180724 11:21:41][za.ac.sun.cs.green.taskmanager.SerialTaskManager process][INFO] processing serviceName="sat"
[20180724 11:21:41][za.ac.sun.cs.green.service.canonizer.SATCanonizerService canonize][FINEST] Before Canonization: (aa!=1)&&(aa==0)
[20180724 11:21:41][za.ac.sun.cs.green.service.canonizer.SATCanonizerService canonize][FINEST] After Canonization: (((1*v0)+-1)!=0)&&((1*v0)==0)
[20180724 11:21:41][za.ac.sun.cs.green.taskmanager.SerialTaskManager process][INFO] processing serviceName="sat"
[20180724 11:21:41][za.ac.sun.cs.green.service.canonizer.SATCanonizerService canonize][FINEST] Before Canonization: (((aa==bb)&&(bb==cc))&&(cc==dd))&&(dd==ee)
[20180724 11:21:41][za.ac.sun.cs.green.service.canonizer.SATCanonizerService canonize][FINEST] After Canonization: (((((1*v0)+(-1*v1))==0)&&(((1*v1)+(-1*v2))==0))&&(((1*v2)+(-1*v3))==0))&&(((1*v3)+(-1*v4))==0)
[20180724 11:21:41][za.ac.sun.cs.green.taskmanager.SerialTaskManager process][INFO] processing serviceName="sat"
[20180724 11:21:41][za.ac.sun.cs.green.service.canonizer.SATCanonizerService canonize][FINEST] Before Canonization: ((aa==bb)&&(bb==cc))&&(cc==dd)
[20180724 11:21:41][za.ac.sun.cs.green.service.canonizer.SATCanonizerService canonize][FINEST] After Canonization: ((((1*v0)+(-1*v1))==0)&&(((1*v1)+(-1*v2))==0))&&(((1*v2)+(-1*v3))==0)
[20180724 11:21:41][za.ac.sun.cs.green.taskmanager.SerialTaskManager process][INFO] processing serviceName="sat"
[20180724 11:21:41][za.ac.sun.cs.green.service.canonizer.SATCanonizerService canonize][FINEST] Before Canonization: ((aa<(bb+cc))&&(bb<(dd+ee)))&&(cc<(ff+gg))
[20180724 11:21:41][za.ac.sun.cs.green.service.canonizer.SATCanonizerService canonize][FINEST] After Canonization: ((((((1*v0)+(-1*v1))+(-1*v2))+1)<=0)&&(((((1*v1)+(-1*v3))+(-1*v4))+1)<=0))&&(((((1*v2)+(-1*v5))+(-1*v6))+1)<=0)
[20180724 11:21:41][za.ac.sun.cs.green.taskmanager.SerialTaskManager process][INFO] processing serviceName="sat"
[20180724 11:21:41][za.ac.sun.cs.green.service.canonizer.SATCanonizerService canonize][FINEST] Before Canonization: (aa<(bb+cc))&&(bb<(dd+ee))
[20180724 11:21:41][za.ac.sun.cs.green.service.canonizer.SATCanonizerService canonize][FINEST] After Canonization: (((((1*v0)+(-1*v1))+(-1*v2))+1)<=0)&&(((((1*v1)+(-1*v3))+(-1*v4))+1)<=0)
]]></system-out>
  <system-err><![CDATA[]]></system-err>
</testsuite>
